<?xml version="1.0" encoding="UTF-8" ?>
<testsuite failures="0" time="14.839" errors="0" skipped="0" tests="2" name="org.sigmah.client.RobustUploaderTest">
  <properties>
    <property name="java.runtime.name" value="Java(TM) SE Runtime Environment"/>
    <property name="sun.boot.library.path" value="/System/Library/Java/JavaVirtualMachines/1.6.0.jdk/Contents/Libraries"/>
    <property name="java.vm.version" value="20.65-b04-462"/>
    <property name="awt.nativeDoubleBuffering" value="true"/>
    <property name="gopherProxySet" value="false"/>
    <property name="org.w3c.css.sac.parser" value="com.steadystate.css.parser.SACParserCSS3"/>
    <property name="mrj.build" value="11M4609"/>
    <property name="java.vm.vendor" value="Apple Inc."/>
    <property name="java.vendor.url" value="http://www.apple.com/"/>
    <property name="path.separator" value=":"/>
    <property name="java.vm.name" value="Java HotSpot(TM) 64-Bit Server VM"/>
    <property name="file.encoding.pkg" value="sun.io"/>
    <property name="user.country" value="US"/>
    <property name="sun.java.launcher" value="SUN_STANDARD"/>
    <property name="sun.os.patch.level" value="unknown"/>
    <property name="java.vm.specification.name" value="Java Virtual Machine Specification"/>
    <property name="user.dir" value="/Users/spmohanty/Documents/workspace/RobustUploader"/>
    <property name="java.runtime.version" value="1.6.0_65-b14-462-11M4609"/>
    <property name="java.awt.graphicsenv" value="apple.awt.CGraphicsEnvironment"/>
    <property name="basedir" value="/Users/spmohanty/Documents/workspace/RobustUploader"/>
    <property name="java.endorsed.dirs" value="/System/Library/Java/JavaVirtualMachines/1.6.0.jdk/Contents/Home/lib/endorsed"/>
    <property name="os.arch" value="x86_64"/>
    <property name="java.io.tmpdir" value="/var/folders/45/zf96dlsj2yd6cg01byl8kpt40000gn/T/"/>
    <property name="line.separator" value="
"/>
    <property name="java.vm.specification.vendor" value="Sun Microsystems Inc."/>
    <property name="os.name" value="Mac OS X"/>
    <property name="com.apple.eawt.CocoaComponent.CompatibilityMode" value="false"/>
    <property name="sun.jnu.encoding" value="MacRoman"/>
    <property name="java.library.path" value=".:/Library/Java/Extensions:/System/Library/Java/Extensions:/usr/lib/java"/>
    <property name="gwt.args" value="-war target/www"/>
    <property name="java.specification.name" value="Java Platform API Specification"/>
    <property name="java.class.version" value="50.0"/>
    <property name="sun.management.compiler" value="HotSpot 64-Bit Tiered Compilers"/>
    <property name="os.version" value="10.7.5"/>
    <property name="http.nonProxyHosts" value="127.0.0.1|localhost|*.localhost|iiit.ac.in|*.iiit.ac.in"/>
    <property name="user.home" value="/Users/spmohanty"/>
    <property name="user.timezone" value="America/Anchorage"/>
    <property name="java.awt.printerjob" value="apple.awt.CPrinterJob"/>
    <property name="java.specification.version" value="1.6"/>
    <property name="file.encoding" value="MacRoman"/>
    <property name="user.name" value="spmohanty"/>
    <property name="java.class.path" value="/Users/spmohanty/.m2/repository/org/apache/maven/surefire/surefire-booter/2.5/surefire-booter-2.5.jar:/Users/spmohanty/.m2/repository/org/apache/maven/surefire/surefire-api/2.5/surefire-api-2.5.jar:/Users/spmohanty/Documents/workspace/RobustUploader/target/test-classes:/Users/spmohanty/Documents/workspace/RobustUploader/target/www/WEB-INF/classes:/Users/spmohanty/.m2/repository/com/google/gwt/gwt-servlet/2.6.1/gwt-servlet-2.6.1.jar:/Users/spmohanty/.m2/repository/com/google/gwt/gwt-user/2.6.1/gwt-user-2.6.1.jar:/Users/spmohanty/.m2/repository/org/json/json/20090211/json-20090211.jar:/Users/spmohanty/.m2/repository/com/google/gwt/gwt-dev/2.6.1/gwt-dev-2.6.1.jar:/Users/spmohanty/.m2/repository/org/vectomatic/lib-gwt-file/0.3.5/lib-gwt-file-0.3.5.jar:/Users/spmohanty/.m2/repository/junit/junit/4.8.1/junit-4.8.1.jar:/Users/spmohanty/.m2/repository/javax/validation/validation-api/1.0.0.GA/validation-api-1.0.0.GA.jar:/Users/spmohanty/.m2/repository/javax/validation/validation-api/1.0.0.GA/validation-api-1.0.0.GA-sources.jar:/Users/spmohanty/Documents/workspace/RobustUploader/src/main/java:/Users/spmohanty/Documents/workspace/RobustUploader/src/test/java"/>
    <property name="build.compiler" value="com.google.gwt.dev.shell.jetty.JettyLauncher$JDTCompiler16"/>
    <property name="java.vm.specification.version" value="1.0"/>
    <property name="sun.arch.data.model" value="64"/>
    <property name="java.home" value="/System/Library/Java/JavaVirtualMachines/1.6.0.jdk/Contents/Home"/>
    <property name="sun.java.command" value="org.apache.maven.surefire.booter.SurefireBooter /var/folders/45/zf96dlsj2yd6cg01byl8kpt40000gn/T/surefire8749271224882184504tmp /var/folders/45/zf96dlsj2yd6cg01byl8kpt40000gn/T/surefire4041128953565691329tmp"/>
    <property name="java.specification.vendor" value="Sun Microsystems Inc."/>
    <property name="user.language" value="en"/>
    <property name="awt.toolkit" value="apple.awt.CToolkit"/>
    <property name="java.vm.info" value="mixed mode"/>
    <property name="org.eclipse.jetty.xml.XmlParser.Validating" value="false"/>
    <property name="java.version" value="1.6.0_65"/>
    <property name="java.ext.dirs" value="/Library/Java/Extensions:/System/Library/Java/Extensions:/System/Library/Java/JavaVirtualMachines/1.6.0.jdk/Contents/Home/lib/ext"/>
    <property name="sun.boot.class.path" value="/System/Library/Java/JavaVirtualMachines/1.6.0.jdk/Contents/Classes/jsfd.jar:/System/Library/Java/JavaVirtualMachines/1.6.0.jdk/Contents/Classes/classes.jar:/System/Library/Frameworks/JavaVM.framework/Frameworks/JavaRuntimeSupport.framework/Resources/Java/JavaRuntimeSupport.jar:/System/Library/Java/JavaVirtualMachines/1.6.0.jdk/Contents/Classes/ui.jar:/System/Library/Java/JavaVirtualMachines/1.6.0.jdk/Contents/Classes/laf.jar:/System/Library/Java/JavaVirtualMachines/1.6.0.jdk/Contents/Classes/sunrsasign.jar:/System/Library/Java/JavaVirtualMachines/1.6.0.jdk/Contents/Classes/jsse.jar:/System/Library/Java/JavaVirtualMachines/1.6.0.jdk/Contents/Classes/jce.jar:/System/Library/Java/JavaVirtualMachines/1.6.0.jdk/Contents/Classes/charsets.jar"/>
    <property name="java.vendor" value="Apple Inc."/>
    <property name="localRepository" value="/Users/spmohanty/.m2/repository"/>
    <property name="file.separator" value="/"/>
    <property name="java.vendor.url.bug" value="http://bugreport.apple.com/"/>
    <property name="sun.cpu.endian" value="little"/>
    <property name="sun.io.unicode.encoding" value="UnicodeLittle"/>
    <property name="mrj.version" value="1070.1.6.0_65-462"/>
    <property name="socksNonProxyHosts" value="127.0.0.1|localhost|*.localhost|iiit.ac.in|*.iiit.ac.in"/>
    <property name="ftp.nonProxyHosts" value="127.0.0.1|localhost|*.localhost|iiit.ac.in|*.iiit.ac.in"/>
    <property name="sun.cpu.isalist" value=""/>
  </properties>
  <testcase time="14.674" classname="org.sigmah.client.RobustUploaderTest" name="testFieldVerifier"/>
  <testcase time="0.131" classname="org.sigmah.client.RobustUploaderTest" name="testGreetingService"/>
</testsuite>